<?xml version="1.0" encoding="UTF-8"?>
<testsuite name="com.santanderdesafio.santander.MyApplicationTests" tests="1" skipped="0" failures="0" errors="0" timestamp="2024-10-23T07:40:12" hostname="Julios-MacBook-Air.local" time="0.333">
  <properties/>
  <testcase name="contextLoads" classname="com.santanderdesafio.santander.MyApplicationTests" time="0.333"/>
  <system-out><![CDATA[04:40:10.130 [Test worker] INFO org.springframework.test.context.support.AnnotationConfigContextLoaderUtils -- Could not detect default configuration classes for test class [com.santanderdesafio.santander.MyApplicationTests]: MyApplicationTests does not declare any static, non-private, non-final, nested classes annotated with @Configuration.
04:40:10.182 [Test worker] INFO org.springframework.boot.test.context.SpringBootTestContextBootstrapper -- Found @SpringBootConfiguration com.santanderdesafio.santander.SantanderApplication for test class com.santanderdesafio.santander.MyApplicationTests

  .   ____          _            __ _ _
 /\\ / ___'_ __ _ _(_)_ __  __ _ \ \ \ \
( ( )\___ | '_ | '_| | '_ \/ _` | \ \ \ \
 \\/  ___)| |_)| | | | | || (_| |  ) ) ) )
  '  |____| .__|_| |_|_| |_\__, | / / / /
 =========|_|==============|___/=/_/_/_/

 :: Spring Boot ::                (v3.3.4)

2024-10-23T04:40:10.362-03:00  INFO 39578 --- [santander] [    Test worker] c.s.santander.MyApplicationTests         : Starting MyApplicationTests using Java 21.0.3 with PID 39578 (started by juliocesarogomes in /Users/juliocesarogomes/dev/desafioS/santander)
2024-10-23T04:40:10.363-03:00  INFO 39578 --- [santander] [    Test worker] c.s.santander.MyApplicationTests         : No active profile set, falling back to 1 default profile: "default"
2024-10-23T04:40:10.620-03:00  INFO 39578 --- [santander] [    Test worker] .s.d.r.c.RepositoryConfigurationDelegate : Bootstrapping Spring Data JPA repositories in DEFAULT mode.
2024-10-23T04:40:10.626-03:00 DEBUG 39578 --- [santander] [    Test worker] .s.d.r.c.RepositoryConfigurationDelegate : Scanning for JPA repositories in packages com.santanderdesafio.santander.
2024-10-23T04:40:10.630-03:00 DEBUG 39578 --- [santander] [    Test worker] o.s.d.r.c.RepositoryComponentProvider    : Identified candidate component class: file [/Users/juliocesarogomes/dev/desafioS/santander/build/classes/java/main/com/santanderdesafio/santander/repository/CepLogRepository.class]
2024-10-23T04:40:10.642-03:00  INFO 39578 --- [santander] [    Test worker] .s.d.r.c.RepositoryConfigurationDelegate : Finished Spring Data repository scanning in 15 ms. Found 1 JPA repository interface.
2024-10-23T04:40:10.850-03:00  INFO 39578 --- [santander] [    Test worker] o.hibernate.jpa.internal.util.LogHelper  : HHH000204: Processing PersistenceUnitInfo [name: default]
2024-10-23T04:40:10.871-03:00  INFO 39578 --- [santander] [    Test worker] org.hibernate.Version                    : HHH000412: Hibernate ORM core version 6.5.3.Final
2024-10-23T04:40:10.884-03:00  INFO 39578 --- [santander] [    Test worker] o.h.c.internal.RegionFactoryInitiator    : HHH000026: Second-level cache disabled
2024-10-23T04:40:11.015-03:00  INFO 39578 --- [santander] [    Test worker] o.s.o.j.p.SpringPersistenceUnitInfo      : No LoadTimeWeaver setup: ignoring JPA class transformer
2024-10-23T04:40:11.026-03:00  INFO 39578 --- [santander] [    Test worker] com.zaxxer.hikari.HikariDataSource       : HikariPool-1 - Starting...
2024-10-23T04:40:11.248-03:00  INFO 39578 --- [santander] [    Test worker] com.zaxxer.hikari.pool.HikariPool        : HikariPool-1 - Added connection com.mysql.cj.jdbc.ConnectionImpl@17df689e
2024-10-23T04:40:11.249-03:00  INFO 39578 --- [santander] [    Test worker] com.zaxxer.hikari.HikariDataSource       : HikariPool-1 - Start completed.
2024-10-23T04:40:11.273-03:00  WARN 39578 --- [santander] [    Test worker] org.hibernate.orm.deprecation            : HHH90000025: MySQL8Dialect does not need to be specified explicitly using 'hibernate.dialect' (remove the property setting and it will be selected by default)
2024-10-23T04:40:11.273-03:00  WARN 39578 --- [santander] [    Test worker] org.hibernate.orm.deprecation            : HHH90000026: MySQL8Dialect has been deprecated; use org.hibernate.dialect.MySQLDialect instead
2024-10-23T04:40:11.610-03:00  INFO 39578 --- [santander] [    Test worker] o.h.e.t.j.p.i.JtaPlatformInitiator       : HHH000489: No JTA platform available (set 'hibernate.transaction.jta.platform' to enable JTA platform integration)
2024-10-23T04:40:11.637-03:00  INFO 39578 --- [santander] [    Test worker] j.LocalContainerEntityManagerFactoryBean : Initialized JPA EntityManagerFactory for persistence unit 'default'
2024-10-23T04:40:11.666-03:00 DEBUG 39578 --- [santander] [    Test worker] .c.JpaMetamodelMappingContextFactoryBean : Initializing JpaMetamodelMappingContext…
2024-10-23T04:40:11.671-03:00 DEBUG 39578 --- [santander] [    Test worker] .c.JpaMetamodelMappingContextFactoryBean : Finished initializing JpaMetamodelMappingContext
2024-10-23T04:40:11.711-03:00 DEBUG 39578 --- [santander] [    Test worker] o.s.d.r.c.s.RepositoryFactorySupport     : Initializing repository instance for com.santanderdesafio.santander.repository.CepLogRepository…
2024-10-23T04:40:11.731-03:00 DEBUG 39578 --- [santander] [    Test worker] o.s.d.jpa.repository.query.NamedQuery    : Looking up named query CepLog.findByCep
2024-10-23T04:40:11.732-03:00 DEBUG 39578 --- [santander] [    Test worker] o.s.d.jpa.repository.query.NamedQuery    : Did not find named query CepLog.findByCep
2024-10-23T04:40:11.769-03:00 DEBUG 39578 --- [santander] [    Test worker] o.s.d.r.c.s.RepositoryFactorySupport     : Finished creation of repository instance for com.santanderdesafio.santander.repository.CepLogRepository.
2024-10-23T04:40:11.844-03:00  WARN 39578 --- [santander] [    Test worker] JpaBaseConfiguration$JpaWebConfiguration : spring.jpa.open-in-view is enabled by default. Therefore, database queries may be performed during view rendering. Explicitly configure spring.jpa.open-in-view to disable this warning
2024-10-23T04:40:12.006-03:00  INFO 39578 --- [santander] [    Test worker] c.s.santander.MyApplicationTests         : Started MyApplicationTests in 1.746 seconds (process running for 2.24)
]]></system-out>
  <system-err><![CDATA[WARNING: A Java agent has been loaded dynamically (/Users/juliocesarogomes/.gradle/caches/modules-2/files-2.1/net.bytebuddy/byte-buddy-agent/1.14.19/154da3a65b4f4a909d3e5bdec55d1b2b4cbb6ce1/byte-buddy-agent-1.14.19.jar)
WARNING: If a serviceability tool is in use, please run with -XX:+EnableDynamicAgentLoading to hide this warning
WARNING: If a serviceability tool is not in use, please run with -Djdk.instrument.traceUsage for more information
WARNING: Dynamic loading of agents will be disallowed by default in a future release
]]></system-err>
</testsuite>
